<?xml version="1.0" encoding="UTF-8"?>
<!-- Generated by org.testng.reporters.JUnitReportReporter -->
<testsuite skipped="0" hostname="ch156" name="com.crm.qa.testcases.LoginPageTest" tests="3" failures="0" timestamp="27 квіт. 2018 16:49:25 GMT" time="30.868" errors="0">
  <testcase name="loginPageTitleTest" time="6.987" classname="com.crm.qa.testcases.LoginPageTest"/>
  <testcase name="crmLogoImageTest" time="9.777" classname="com.crm.qa.testcases.LoginPageTest"/>
  <testcase name="loginTest" time="14.104" classname="com.crm.qa.testcases.LoginPageTest"/>
</testsuite> <!-- com.crm.qa.testcases.LoginPageTest -->
