<?xml version="1.0" encoding="UTF-8"?>
<!-- Generated by org.testng.reporters.JUnitReportReporter -->
<testsuite skipped="0" hostname="ch156" name="com.crm.qa.testcases.HomePageTest" tests="5" failures="0" timestamp="27 квіт. 2018 16:49:25 GMT" time="86.560" errors="0">
  <testcase name="verifyHomePageTitleTest" time="16.592" classname="com.crm.qa.testcases.HomePageTest"/>
  <testcase name="verifyUserNameTest" time="20.111" classname="com.crm.qa.testcases.HomePageTest"/>
  <testcase name="verifyContactsLinkTest" time="16.013" classname="com.crm.qa.testcases.HomePageTest"/>
  <testcase name="verifyClickOnDealsLinkTest" time="15.374" classname="com.crm.qa.testcases.HomePageTest"/>
  <testcase name="verifyClickOnTasksLinkTest" time="18.470" classname="com.crm.qa.testcases.HomePageTest"/>
</testsuite> <!-- com.crm.qa.testcases.HomePageTest -->
