<?xml version="1.0" encoding="UTF-8"?>
<!-- Generated by org.testng.reporters.JUnitReportReporter -->
<testsuite skipped="0" hostname="ch156" name="com.crm.qa.testcases.ContactsPageTest" tests="5" failures="0" timestamp="27 квіт. 2018 16:49:25 GMT" time="97.388" errors="0">
  <testcase name="verifyContactsPageLabel" time="18.844" classname="com.crm.qa.testcases.ContactsPageTest"/>
  <testcase name="selectSingleContactsByName" time="23.228" classname="com.crm.qa.testcases.ContactsPageTest"/>
  <testcase name="selectMultipleContactsByName" time="17.574" classname="com.crm.qa.testcases.ContactsPageTest"/>
  <testcase name="validateCreateNewContract" time="18.119" classname="com.crm.qa.testcases.ContactsPageTest"/>
  <testcase name="validateCreateNewContract" time="19.623" classname="com.crm.qa.testcases.ContactsPageTest"/>
</testsuite> <!-- com.crm.qa.testcases.ContactsPageTest -->
