<?xml version="1.0" encoding="UTF-8"?>
<!-- Generated by org.testng.reporters.JUnitReportReporter -->
<testsuite skipped="0" hostname="ch156" name="com.crm.qa.testcases.HomePageTest" tests="5" failures="0" timestamp="28 квіт. 2018 11:13:41 GMT" time="102.816" errors="0">
  <testcase name="verifyHomePageTitleTest" time="20.315" classname="com.crm.qa.testcases.HomePageTest"/>
  <testcase name="verifyUserNameTest" time="17.593" classname="com.crm.qa.testcases.HomePageTest"/>
  <testcase name="verifyContactsLinkTest" time="24.910" classname="com.crm.qa.testcases.HomePageTest"/>
  <testcase name="verifyClickOnDealsLinkTest" time="18.517" classname="com.crm.qa.testcases.HomePageTest"/>
  <testcase name="verifyClickOnTasksLinkTest" time="21.481" classname="com.crm.qa.testcases.HomePageTest"/>
</testsuite> <!-- com.crm.qa.testcases.HomePageTest -->
