<?xml version="1.0" encoding="UTF-8"?>
<!-- Generated by org.testng.reporters.JUnitReportReporter -->
<testsuite skipped="0" hostname="ch156" name="com.crm.qa.testcases.LoginPageTest" tests="3" failures="0" timestamp="28 квіт. 2018 11:13:41 GMT" time="40.374" errors="0">
  <testcase name="loginPageTitleTest" time="7.895" classname="com.crm.qa.testcases.LoginPageTest"/>
  <testcase name="crmLogoImageTest" time="8.331" classname="com.crm.qa.testcases.LoginPageTest"/>
  <testcase name="loginTest" time="24.148" classname="com.crm.qa.testcases.LoginPageTest"/>
</testsuite> <!-- com.crm.qa.testcases.LoginPageTest -->
